{
  "stats": {
    "suites": 1,
    "tests": 4,
    "passes": 4,
    "pending": 0,
    "failures": 0,
    "start": "2024-06-20T04:53:14.215Z",
    "end": "2024-06-20T04:53:16.625Z",
    "duration": 2410,
    "testsRegistered": 4,
    "passPercent": 100,
    "pendingPercent": 0,
    "other": 0,
    "hasOther": false,
    "skipped": 0,
    "hasSkipped": false
  },
  "results": [
    {
      "uuid": "80923f01-6da8-4098-b663-71e55eb8cb50",
      "title": "",
      "fullFile": "C:\\Users\\Yusuf\\Documents\\HAQIM\\Bootcamp QA\\QA\\api_automation_ds4\\test\\api-test.js",
      "file": "\\test\\api-test.js",
      "beforeHooks": [],
      "afterHooks": [],
      "tests": [],
      "suites": [
        {
          "uuid": "d8f700c2-fd18-41e3-aed6-1e07208b8e2e",
          "title": "reqres.in API Test",
          "fullFile": "C:\\Users\\Yusuf\\Documents\\HAQIM\\Bootcamp QA\\QA\\api_automation_ds4\\test\\api-test.js",
          "file": "\\test\\api-test.js",
          "beforeHooks": [],
          "afterHooks": [],
          "tests": [
            {
              "title": "TC1 - GET Single User",
              "fullTitle": "reqres.in API Test TC1 - GET Single User",
              "timedOut": false,
              "duration": 482,
              "state": "passed",
              "speed": "slow",
              "pass": true,
              "fail": false,
              "pending": false,
              "context": null,
              "code": "const schema = JSON.parse(fs.readFileSync(\"resource/schema/get_single_user_schema.json\", 'utf8'));\nconst response = await supertest(baseURL)\n    .get(\"/users/2\");\nconsole.log(response.body);\nexpect(response.status).to.equal(200)\nexpect(response.body.data.id).to.equal(2)\nexpect(response.body).to.be.jsonSchema(schema)",
              "err": {},
              "uuid": "b0bb0dec-1f28-46b9-966b-03181f2e10b1",
              "parentUUID": "d8f700c2-fd18-41e3-aed6-1e07208b8e2e",
              "isHook": false,
              "skipped": false
            },
            {
              "title": "TC2 - POST Object",
              "fullTitle": "reqres.in API Test TC2 - POST Object",
              "timedOut": false,
              "duration": 639,
              "state": "passed",
              "speed": "slow",
              "pass": true,
              "fail": false,
              "pending": false,
              "context": null,
              "code": "const schema = JSON.parse(fs.readFileSync(\"resource/schema/post_create_schema.json\", 'utf8'));\nconst postData = {\n    name: \"Haqim\",\n    job: \"peserta bootcamp\"\n};\nconst response = await supertest(baseURL)\n    .post(\"/users\")\n    .send(postData)\n    .set('Accept', 'application/json');\nconst responseBody = response.body;\nconsole.log(responseBody);\n\nexpect(responseBody).to.have.property('name').eql(postData.name);\nexpect(responseBody).to.have.property('job').eql(postData.job);\nexpect(response.status).to.be.oneOf([201, 202]);\nexpect(responseBody).to.be.jsonSchema(schema);",
              "err": {},
              "uuid": "55aca06f-666e-4dfc-9d5c-6efd2188bc1a",
              "parentUUID": "d8f700c2-fd18-41e3-aed6-1e07208b8e2e",
              "isHook": false,
              "skipped": false
            },
            {
              "title": "TC3 - PUT Update Object",
              "fullTitle": "reqres.in API Test TC3 - PUT Update Object",
              "timedOut": false,
              "duration": 635,
              "state": "passed",
              "speed": "slow",
              "pass": true,
              "fail": false,
              "pending": false,
              "context": null,
              "code": "const schema = JSON.parse(fs.readFileSync(\"resource/schema/put_update_schema.json\", 'utf8'));\nconst putData = {\n    name: \"Haqim update\",\n    job: \"quality update\"\n};\nconst response = await supertest(baseURL)\n    .put(\"/users/2\")\n    .send(putData)\n    .set('Accept', 'application/json');\nconst responseBody = response.body;\nconsole.log(responseBody);\n\nexpect(responseBody).to.have.property('name').eql(putData.name);\nexpect(responseBody).to.have.property('job').eql(putData.job);\nexpect(response.status).to.equal(200);\nexpect(responseBody).to.be.jsonSchema(schema);",
              "err": {},
              "uuid": "10215c0b-4ea5-4798-b7c2-48024fad63f0",
              "parentUUID": "d8f700c2-fd18-41e3-aed6-1e07208b8e2e",
              "isHook": false,
              "skipped": false
            },
            {
              "title": "TC4 - DELETE User",
              "fullTitle": "reqres.in API Test TC4 - DELETE User",
              "timedOut": false,
              "duration": 646,
              "state": "passed",
              "speed": "slow",
              "pass": true,
              "fail": false,
              "pending": false,
              "context": null,
              "code": "const response = await supertest(baseURL)\n    .delete(\"/users/2\")\n    .set('Accept', 'application/json');\nexpect(response.status).to.equal(204);",
              "err": {},
              "uuid": "841962b0-4ab9-4b3f-9e89-668fff05fc9a",
              "parentUUID": "d8f700c2-fd18-41e3-aed6-1e07208b8e2e",
              "isHook": false,
              "skipped": false
            }
          ],
          "suites": [],
          "passes": [
            "b0bb0dec-1f28-46b9-966b-03181f2e10b1",
            "55aca06f-666e-4dfc-9d5c-6efd2188bc1a",
            "10215c0b-4ea5-4798-b7c2-48024fad63f0",
            "841962b0-4ab9-4b3f-9e89-668fff05fc9a"
          ],
          "failures": [],
          "pending": [],
          "skipped": [],
          "duration": 2402,
          "root": false,
          "rootEmpty": false,
          "_timeout": 2000
        }
      ],
      "passes": [],
      "failures": [],
      "pending": [],
      "skipped": [],
      "duration": 0,
      "root": true,
      "rootEmpty": true,
      "_timeout": 2000
    }
  ],
  "meta": {
    "mocha": {
      "version": "10.4.0"
    },
    "mochawesome": {
      "options": {
        "quiet": false,
        "reportFilename": "mochawesome",
        "saveHtml": true,
        "saveJson": true,
        "consoleReporter": "spec",
        "useInlineDiffs": false,
        "code": true
      },
      "version": "7.1.3"
    },
    "marge": {
      "options": null,
      "version": "6.2.0"
    }
  }
}